1609252481052	geckodriver	INFO	Listening on 127.0.0.1:58319
1609252484368	mozrunner::runner	INFO	Running command: "C:\\Program Files\\Mozilla Firefox\\firefox.exe" "--marionette" "-foreground" "-no-remote" "-profile" "C:\\Users\\Raphael\\AppData\\Local\\Temp\\rust_mozprofilegpo2jt"
Can't find symbol 'eglSwapBuffersWithDamageEXT'.
Can't find symbol 'eglSetDamageRegionKHR'.
console.warn: SearchSettings: "get: No settings file exists, new profile?" (new Error("", "(unknown module)"))
1609252486820	Marionette	INFO	Listening on port 58329
1609252487016	Marionette	WARN	TLS certificate errors will be ignored for this session
1609252535176	geckodriver	INFO	Listening on 127.0.0.1:58436
1609252538496	mozrunner::runner	INFO	Running command: "C:\\Program Files\\Mozilla Firefox\\firefox.exe" "--marionette" "-foreground" "-no-remote" "-profile" "C:\\Users\\Raphael\\AppData\\Local\\Temp\\rust_mozprofileu6kqQh"
Can't find symbol 'eglSwapBuffersWithDamageEXT'.
Can't find symbol 'eglSetDamageRegionKHR'.
console.warn: SearchSettings: "get: No settings file exists, new profile?" (new Error("", "(unknown module)"))
1609252540593	Marionette	INFO	Listening on port 58444
1609252540643	Marionette	WARN	TLS certificate errors will be ignored for this session
JavaScript error: resource://gre/actors/AutoCompleteChild.jsm, line 125: Error: Invalid autocomplete selectedIndex
JavaScript error: resource://gre/actors/AutoCompleteChild.jsm, line 125: Error: Invalid autocomplete selectedIndex
JavaScript error: resource://gre/modules/LoginManagerChild.jsm, line 190: NS_ERROR_XPC_JAVASCRIPT_ERROR_WITH_DETAILS: [JavaScript Error: "Invalid autocomplete selectedIndex" {file: "resource://gre/actors/AutoCompleteChild.jsm" line: 125}]'[JavaScript Error: "Invalid autocomplete selectedIndex" {file: "resource://gre/actors/AutoCompleteChild.jsm" line: 125}]' when calling method: [nsIAutoCompletePopup::selectedIndex]
Handler function threw an exception: [Exception... "Component returned failure code: 0x80040111 (NS_ERROR_NOT_AVAILABLE) [nsIHttpChannelInternal.remoteAddress]"  nsresult: "0x80040111 (NS_ERROR_NOT_AVAILABLE)"  location: "JS frame :: resource://devtools/server/actors/network-monitor/network-observer.js :: _onResponseHeader :: line 1163"  data: no]
Stack: _onResponseHeader@resource://devtools/server/actors/network-monitor/network-observer.js:1163:5
_dispatchActivity@resource://devtools/server/actors/network-monitor/network-observer.js:629:14
NetworkObserver.prototype.observeActivity<@resource://devtools/server/actors/network-monitor/network-observer.js:738:12
exports.makeInfallible/<@resource://devtools/shared/ThreadSafeDevToolsUtils.js:103:22
Line: 1163, column: 0
console.error: ({})
Handler function threw an exception: TypeError: undefined has no properties
Stack: _getWaitTiming@resource://devtools/server/actors/network-monitor/network-observer.js:1262:1
_setupHarTimings@resource://devtools/server/actors/network-monitor/network-observer.js:1487:28
_onTransactionClose@resource://devtools/server/actors/network-monitor/network-observer.js:1210:27
_dispatchActivity@resource://devtools/server/actors/network-monitor/network-observer.js:632:14
NetworkObserver.prototype.observeActivity<@resource://devtools/server/actors/network-monitor/network-observer.js:738:12
exports.makeInfallible/<@resource://devtools/shared/ThreadSafeDevToolsUtils.js:103:22
Line: 1262, column: 1
console.error: (new TypeError("undefined has no properties", "resource://devtools/server/actors/network-monitor/network-observer.js", 1262))
1609255141411	geckodriver	INFO	Listening on 127.0.0.1:59673
1609255144736	mozrunner::runner	INFO	Running command: "C:\\Program Files\\Mozilla Firefox\\firefox.exe" "--marionette" "-foreground" "-no-remote" "-profile" "C:\\Users\\Raphael\\AppData\\Local\\Temp\\rust_mozprofileolnE7M"
Can't find symbol 'eglSwapBuffersWithDamageEXT'.
Can't find symbol 'eglSetDamageRegionKHR'.
console.warn: SearchSettings: "get: No settings file exists, new profile?" (new Error("", "(unknown module)"))
1609255146999	Marionette	INFO	Listening on port 59681
1609255147368	Marionette	WARN	TLS certificate errors will be ignored for this session
1609255155745	Marionette	INFO	Stopped listening on port 59681

###!!! [Child][RunMessage] Error: Channel closing: too late to send/recv, messages will be lost

1609255223655	geckodriver	INFO	Listening on 127.0.0.1:59766
1609255226980	mozrunner::runner	INFO	Running command: "C:\\Program Files\\Mozilla Firefox\\firefox.exe" "--marionette" "-foreground" "-no-remote" "-profile" "C:\\Users\\Raphael\\AppData\\Local\\Temp\\rust_mozprofilenk4LhB"
Can't find symbol 'eglSwapBuffersWithDamageEXT'.
Can't find symbol 'eglSetDamageRegionKHR'.
console.warn: SearchSettings: "get: No settings file exists, new profile?" (new Error("", "(unknown module)"))
1609255229118	Marionette	INFO	Listening on port 59777
1609255229616	Marionette	WARN	TLS certificate errors will be ignored for this session
1609255272065	geckodriver	INFO	Listening on 127.0.0.1:59841
1609255275391	mozrunner::runner	INFO	Running command: "C:\\Program Files\\Mozilla Firefox\\firefox.exe" "--marionette" "-foreground" "-no-remote" "-profile" "C:\\Users\\Raphael\\AppData\\Local\\Temp\\rust_mozprofileE6FdVa"
Can't find symbol 'eglSwapBuffersWithDamageEXT'.
Can't find symbol 'eglSetDamageRegionKHR'.
console.warn: SearchSettings: "get: No settings file exists, new profile?" (new Error("", "(unknown module)"))
1609255277506	Marionette	INFO	Listening on port 59849
1609255277527	Marionette	WARN	TLS certificate errors will be ignored for this session
1609255355742	geckodriver	INFO	Listening on 127.0.0.1:59919
1609255359069	mozrunner::runner	INFO	Running command: "C:\\Program Files\\Mozilla Firefox\\firefox.exe" "--marionette" "-foreground" "-no-remote" "-profile" "C:\\Users\\Raphael\\AppData\\Local\\Temp\\rust_mozprofileIAwgKt"
Can't find symbol 'eglSwapBuffersWithDamageEXT'.
Can't find symbol 'eglSetDamageRegionKHR'.
console.warn: SearchSettings: "get: No settings file exists, new profile?" (new Error("", "(unknown module)"))
1609255361222	Marionette	INFO	Listening on port 59927
1609255361701	Marionette	WARN	TLS certificate errors will be ignored for this session
1609255446015	geckodriver	INFO	Listening on 127.0.0.1:59999
1609255449340	mozrunner::runner	INFO	Running command: "C:\\Program Files\\Mozilla Firefox\\firefox.exe" "--marionette" "-foreground" "-no-remote" "-profile" "C:\\Users\\Raphael\\AppData\\Local\\Temp\\rust_mozprofilezalPZI"
Can't find symbol 'eglSwapBuffersWithDamageEXT'.
Can't find symbol 'eglSetDamageRegionKHR'.
console.warn: SearchSettings: "get: No settings file exists, new profile?" (new Error("", "(unknown module)"))
1609255451539	Marionette	INFO	Listening on port 60007
1609255451972	Marionette	WARN	TLS certificate errors will be ignored for this session
1609255488421	geckodriver	INFO	Listening on 127.0.0.1:60060
1609255491750	mozrunner::runner	INFO	Running command: "C:\\Program Files\\Mozilla Firefox\\firefox.exe" "--marionette" "-foreground" "-no-remote" "-profile" "C:\\Users\\Raphael\\AppData\\Local\\Temp\\rust_mozprofile6jgurF"
Can't find symbol 'eglSwapBuffersWithDamageEXT'.
Can't find symbol 'eglSetDamageRegionKHR'.
console.warn: SearchSettings: "get: No settings file exists, new profile?" (new Error("", "(unknown module)"))
1609255493848	Marionette	INFO	Listening on port 60068
1609255493885	Marionette	WARN	TLS certificate errors will be ignored for this session
1609255534194	geckodriver	INFO	Listening on 127.0.0.1:60124
1609255537523	mozrunner::runner	INFO	Running command: "C:\\Program Files\\Mozilla Firefox\\firefox.exe" "--marionette" "-foreground" "-no-remote" "-profile" "C:\\Users\\Raphael\\AppData\\Local\\Temp\\rust_mozprofileehMqHf"
Can't find symbol 'eglSwapBuffersWithDamageEXT'.
Can't find symbol 'eglSetDamageRegionKHR'.
console.warn: SearchSettings: "get: No settings file exists, new profile?" (new Error("", "(unknown module)"))
1609255539628	Marionette	INFO	Listening on port 60132
1609255539655	Marionette	WARN	TLS certificate errors will be ignored for this session
1609255691182	geckodriver	INFO	Listening on 127.0.0.1:60225
1609255694518	mozrunner::runner	INFO	Running command: "C:\\Program Files\\Mozilla Firefox\\firefox.exe" "--marionette" "-foreground" "-no-remote" "-profile" "C:\\Users\\Raphael\\AppData\\Local\\Temp\\rust_mozprofileiyw5lS"
Can't find symbol 'eglSwapBuffersWithDamageEXT'.
Can't find symbol 'eglSetDamageRegionKHR'.
console.warn: SearchSettings: "get: No settings file exists, new profile?" (new Error("", "(unknown module)"))
1609255696646	Marionette	INFO	Listening on port 60234
1609255696668	Marionette	WARN	TLS certificate errors will be ignored for this session
1609255832831	geckodriver	INFO	Listening on 127.0.0.1:60306
1609255836164	mozrunner::runner	INFO	Running command: "C:\\Program Files\\Mozilla Firefox\\firefox.exe" "--marionette" "-foreground" "-no-remote" "-profile" "C:\\Users\\Raphael\\AppData\\Local\\Temp\\rust_mozprofile7qUxrB"
Can't find symbol 'eglSwapBuffersWithDamageEXT'.
Can't find symbol 'eglSetDamageRegionKHR'.
console.warn: SearchSettings: "get: No settings file exists, new profile?" (new Error("", "(unknown module)"))
1609255838280	Marionette	INFO	Listening on port 60314
1609255838795	Marionette	WARN	TLS certificate errors will be ignored for this session
1609255856684	geckodriver	INFO	Listening on 127.0.0.1:60366
1609255860013	mozrunner::runner	INFO	Running command: "C:\\Program Files\\Mozilla Firefox\\firefox.exe" "--marionette" "-foreground" "-no-remote" "-profile" "C:\\Users\\Raphael\\AppData\\Local\\Temp\\rust_mozprofilewRkMwF"
Can't find symbol 'eglSwapBuffersWithDamageEXT'.
Can't find symbol 'eglSetDamageRegionKHR'.
console.warn: SearchSettings: "get: No settings file exists, new profile?" (new Error("", "(unknown module)"))
1609255862239	Marionette	INFO	Listening on port 60375
1609255862646	Marionette	WARN	TLS certificate errors will be ignored for this session
1609255881967	geckodriver	INFO	Listening on 127.0.0.1:60429
1609255885293	mozrunner::runner	INFO	Running command: "C:\\Program Files\\Mozilla Firefox\\firefox.exe" "--marionette" "-foreground" "-no-remote" "-profile" "C:\\Users\\Raphael\\AppData\\Local\\Temp\\rust_mozprofile7hgn17"
Can't find symbol 'eglSwapBuffersWithDamageEXT'.
Can't find symbol 'eglSetDamageRegionKHR'.
console.warn: SearchSettings: "get: No settings file exists, new profile?" (new Error("", "(unknown module)"))
1609255887388	Marionette	INFO	Listening on port 60437
1609255887437	Marionette	WARN	TLS certificate errors will be ignored for this session
1609255937776	geckodriver	INFO	Listening on 127.0.0.1:60504
1609255941105	mozrunner::runner	INFO	Running command: "C:\\Program Files\\Mozilla Firefox\\firefox.exe" "--marionette" "-foreground" "-no-remote" "-profile" "C:\\Users\\Raphael\\AppData\\Local\\Temp\\rust_mozprofileCXvmxa"
Can't find symbol 'eglSwapBuffersWithDamageEXT'.
Can't find symbol 'eglSetDamageRegionKHR'.
console.warn: SearchSettings: "get: No settings file exists, new profile?" (new Error("", "(unknown module)"))
1609255943298	Marionette	INFO	Listening on port 60512
1609255943740	Marionette	WARN	TLS certificate errors will be ignored for this session
1609256005349	geckodriver	INFO	Listening on 127.0.0.1:60574
1609256008679	mozrunner::runner	INFO	Running command: "C:\\Program Files\\Mozilla Firefox\\firefox.exe" "--marionette" "-foreground" "-no-remote" "-profile" "C:\\Users\\Raphael\\AppData\\Local\\Temp\\rust_mozprofilepHXq5o"
Can't find symbol 'eglSwapBuffersWithDamageEXT'.
Can't find symbol 'eglSetDamageRegionKHR'.
console.warn: SearchSettings: "get: No settings file exists, new profile?" (new Error("", "(unknown module)"))
1609256010791	Marionette	INFO	Listening on port 60582
1609256010812	Marionette	WARN	TLS certificate errors will be ignored for this session
1609256035501	geckodriver	INFO	Listening on 127.0.0.1:60636
1609256038832	mozrunner::runner	INFO	Running command: "C:\\Program Files\\Mozilla Firefox\\firefox.exe" "--marionette" "-foreground" "-no-remote" "-profile" "C:\\Users\\Raphael\\AppData\\Local\\Temp\\rust_mozprofilewCegmM"
Can't find symbol 'eglSwapBuffersWithDamageEXT'.
Can't find symbol 'eglSetDamageRegionKHR'.
console.warn: SearchSettings: "get: No settings file exists, new profile?" (new Error("", "(unknown module)"))
1609256040952	Marionette	INFO	Listening on port 60645
1609256041469	Marionette	WARN	TLS certificate errors will be ignored for this session
1609256060822	geckodriver	INFO	Listening on 127.0.0.1:60694
1609256064142	mozrunner::runner	INFO	Running command: "C:\\Program Files\\Mozilla Firefox\\firefox.exe" "--marionette" "-foreground" "-no-remote" "-profile" "C:\\Users\\Raphael\\AppData\\Local\\Temp\\rust_mozprofileazYw6h"
Can't find symbol 'eglSwapBuffersWithDamageEXT'.
Can't find symbol 'eglSetDamageRegionKHR'.
console.warn: SearchSettings: "get: No settings file exists, new profile?" (new Error("", "(unknown module)"))
1609256066196	Marionette	INFO	Listening on port 60704
1609256066275	Marionette	WARN	TLS certificate errors will be ignored for this session
1609256454917	geckodriver	INFO	Listening on 127.0.0.1:60888
1609256458248	mozrunner::runner	INFO	Running command: "C:\\Program Files\\Mozilla Firefox\\firefox.exe" "--marionette" "-foreground" "-no-remote" "-profile" "C:\\Users\\Raphael\\AppData\\Local\\Temp\\rust_mozprofileNkBFak"
Can't find symbol 'eglSwapBuffersWithDamageEXT'.
Can't find symbol 'eglSetDamageRegionKHR'.
console.warn: SearchSettings: "get: No settings file exists, new profile?" (new Error("", "(unknown module)"))
1609256460427	Marionette	INFO	Listening on port 60898
1609256460894	Marionette	WARN	TLS certificate errors will be ignored for this session
1609256915517	geckodriver	INFO	Listening on 127.0.0.1:61031
1609256918847	mozrunner::runner	INFO	Running command: "C:\\Program Files\\Mozilla Firefox\\firefox.exe" "--marionette" "-foreground" "-no-remote" "-profile" "C:\\Users\\Raphael\\AppData\\Local\\Temp\\rust_mozprofile66FNHs"
Can't find symbol 'eglSwapBuffersWithDamageEXT'.
Can't find symbol 'eglSetDamageRegionKHR'.
console.warn: SearchSettings: "get: No settings file exists, new profile?" (new Error("", "(unknown module)"))
1609256920962	Marionette	INFO	Listening on port 61039
1609256921474	Marionette	WARN	TLS certificate errors will be ignored for this session
1609256950145	geckodriver	INFO	Listening on 127.0.0.1:61094
1609256953487	mozrunner::runner	INFO	Running command: "C:\\Program Files\\Mozilla Firefox\\firefox.exe" "--marionette" "-foreground" "-no-remote" "-profile" "C:\\Users\\Raphael\\AppData\\Local\\Temp\\rust_mozprofile4xnB9q"
Can't find symbol 'eglSwapBuffersWithDamageEXT'.
Can't find symbol 'eglSetDamageRegionKHR'.
console.warn: SearchSettings: "get: No settings file exists, new profile?" (new Error("", "(unknown module)"))
1609256955592	Marionette	INFO	Listening on port 61102
1609256955623	Marionette	WARN	TLS certificate errors will be ignored for this session
1609257003258	geckodriver	INFO	Listening on 127.0.0.1:61159
1609257006594	mozrunner::runner	INFO	Running command: "C:\\Program Files\\Mozilla Firefox\\firefox.exe" "--marionette" "-foreground" "-no-remote" "-profile" "C:\\Users\\Raphael\\AppData\\Local\\Temp\\rust_mozprofilenEen17"
Can't find symbol 'eglSwapBuffersWithDamageEXT'.
Can't find symbol 'eglSetDamageRegionKHR'.
console.warn: SearchSettings: "get: No settings file exists, new profile?" (new Error("", "(unknown module)"))
1609257008716	Marionette	INFO	Listening on port 61168
1609257009230	Marionette	WARN	TLS certificate errors will be ignored for this session
1609257072357	geckodriver	INFO	Listening on 127.0.0.1:61240
1609257075687	mozrunner::runner	INFO	Running command: "C:\\Program Files\\Mozilla Firefox\\firefox.exe" "--marionette" "-foreground" "-no-remote" "-profile" "C:\\Users\\Raphael\\AppData\\Local\\Temp\\rust_mozprofilePTRO55"
Can't find symbol 'eglSwapBuffersWithDamageEXT'.
Can't find symbol 'eglSetDamageRegionKHR'.
console.warn: SearchSettings: "get: No settings file exists, new profile?" (new Error("", "(unknown module)"))
1609257077794	Marionette	INFO	Listening on port 61249
1609257077822	Marionette	WARN	TLS certificate errors will be ignored for this session
1609257377173	geckodriver	INFO	Listening on 127.0.0.1:61351
1609257380502	mozrunner::runner	INFO	Running command: "C:\\Program Files\\Mozilla Firefox\\firefox.exe" "--marionette" "-foreground" "-no-remote" "-profile" "C:\\Users\\Raphael\\AppData\\Local\\Temp\\rust_mozprofilerpuVEi"
Can't find symbol 'eglSwapBuffersWithDamageEXT'.
Can't find symbol 'eglSetDamageRegionKHR'.
console.warn: SearchSettings: "get: No settings file exists, new profile?" (new Error("", "(unknown module)"))
1609257382687	Marionette	INFO	Listening on port 61360
1609257383136	Marionette	WARN	TLS certificate errors will be ignored for this session
1609257427563	geckodriver	INFO	Listening on 127.0.0.1:61453
1609257430893	mozrunner::runner	INFO	Running command: "C:\\Program Files\\Mozilla Firefox\\firefox.exe" "--marionette" "-foreground" "-no-remote" "-profile" "C:\\Users\\Raphael\\AppData\\Local\\Temp\\rust_mozprofileCqZgVN"
1609257461929	geckodriver	INFO	Listening on 127.0.0.1:61474
1609257465258	mozrunner::runner	INFO	Running command: "C:\\Program Files\\Mozilla Firefox\\firefox.exe" "--marionette" "-foreground" "-no-remote" "-profile" "C:\\Users\\Raphael\\AppData\\Local\\Temp\\rust_mozprofile3TDdYw"
Can't find symbol 'eglSwapBuffersWithDamageEXT'.
Can't find symbol 'eglSetDamageRegionKHR'.
console.warn: SearchSettings: "get: No settings file exists, new profile?" (new Error("", "(unknown module)"))
1609257467459	Marionette	INFO	Listening on port 61483
1609257467889	Marionette	WARN	TLS certificate errors will be ignored for this session
1609257489071	geckodriver	INFO	Listening on 127.0.0.1:61536
1609257492401	mozrunner::runner	INFO	Running command: "C:\\Program Files\\Mozilla Firefox\\firefox.exe" "--marionette" "-foreground" "-no-remote" "-profile" "C:\\Users\\Raphael\\AppData\\Local\\Temp\\rust_mozprofilesMh5sA"
Can't find symbol 'eglSwapBuffersWithDamageEXT'.
Can't find symbol 'eglSetDamageRegionKHR'.
console.warn: SearchSettings: "get: No settings file exists, new profile?" (new Error("", "(unknown module)"))
1609257494600	Marionette	INFO	Listening on port 61546
1609257495031	Marionette	WARN	TLS certificate errors will be ignored for this session
JavaScript error: https://open.scdn.co/cdn/build/web-player/vendor~web-player.f418916b.js, line 1: TransportError: Cannot authenticate disconnected transport.
JavaScript error: resource://gre/actors/AutoCompleteChild.jsm, line 125: Error: Invalid autocomplete selectedIndex
JavaScript error: resource://gre/actors/AutoCompleteChild.jsm, line 125: Error: Invalid autocomplete selectedIndex
JavaScript error: resource://gre/actors/AutoCompleteChild.jsm, line 125: Error: Invalid autocomplete selectedIndex
JavaScript error: resource://gre/actors/AutoCompleteChild.jsm, line 125: Error: Invalid autocomplete selectedIndex
JavaScript error: resource://gre/actors/AutoCompleteChild.jsm, line 125: Error: Invalid autocomplete selectedIndex
JavaScript error: resource://gre/actors/AutoCompleteChild.jsm, line 125: Error: Invalid autocomplete selectedIndex
JavaScript error: resource://gre/actors/AutoCompleteChild.jsm, line 125: Error: Invalid autocomplete selectedIndex
JavaScript error: resource://gre/actors/AutoCompleteChild.jsm, line 125: Error: Invalid autocomplete selectedIndex
JavaScript error: resource://gre/actors/AutoCompleteChild.jsm, line 125: Error: Invalid autocomplete selectedIndex
JavaScript error: resource://gre/actors/AutoCompleteChild.jsm, line 125: Error: Invalid autocomplete selectedIndex
JavaScript error: resource://gre/actors/AutoCompleteChild.jsm, line 125: Error: Invalid autocomplete selectedIndex
JavaScript error: resource://gre/actors/AutoCompleteChild.jsm, line 125: Error: Invalid autocomplete selectedIndex
JavaScript error: resource://gre/actors/AutoCompleteChild.jsm, line 125: Error: Invalid autocomplete selectedIndex
JavaScript error: resource://gre/actors/AutoCompleteChild.jsm, line 125: Error: Invalid autocomplete selectedIndex
JavaScript error: resource://gre/actors/AutoCompleteChild.jsm, line 125: Error: Invalid autocomplete selectedIndex
console.error: (new TypeError("parent is null", "resource://devtools/client/inspector/shared/style-change-tracker.js", 67))
TypeError: parent is null: canMutationImpactCurrentStyles@resource://devtools/client/inspector/shared/style-change-tracker.js:67:24
onMutations@resource://devtools/client/inspector/shared/style-change-tracker.js:84:41
_emit@resource://devtools/shared/event-emitter.js:226:34
emit@resource://devtools/shared/event-emitter.js:172:18
emit@resource://devtools/shared/event-emitter.js:324:18
getMutations@resource://devtools/client/fronts/walker.js:405:10

JavaScript error: resource://gre/actors/AutoCompleteChild.jsm, line 125: Error: Invalid autocomplete selectedIndex
JavaScript error: resource://gre/actors/AutoCompleteChild.jsm, line 125: Error: Invalid autocomplete selectedIndex
JavaScript error: resource://gre/actors/AutoCompleteChild.jsm, line 125: Error: Invalid autocomplete selectedIndex
JavaScript error: resource://gre/actors/AutoCompleteChild.jsm, line 125: Error: Invalid autocomplete selectedIndex
JavaScript error: resource://gre/actors/AutoCompleteChild.jsm, line 125: Error: Invalid autocomplete selectedIndex
JavaScript error: resource://gre/actors/AutoCompleteChild.jsm, line 125: Error: Invalid autocomplete selectedIndex
JavaScript error: resource://gre/actors/AutoCompleteChild.jsm, line 125: Error: Invalid autocomplete selectedIndex
JavaScript error: resource://gre/actors/AutoCompleteChild.jsm, line 125: Error: Invalid autocomplete selectedIndex
JavaScript error: resource://gre/actors/AutoCompleteChild.jsm, line 125: Error: Invalid autocomplete selectedIndex
JavaScript error: resource://gre/actors/AutoCompleteChild.jsm, line 125: Error: Invalid autocomplete selectedIndex
JavaScript error: resource://gre/actors/AutoCompleteChild.jsm, line 125: Error: Invalid autocomplete selectedIndex
JavaScript error: resource://gre/actors/AutoCompleteChild.jsm, line 125: Error: Invalid autocomplete selectedIndex
JavaScript error: resource://gre/actors/AutoCompleteChild.jsm, line 125: Error: Invalid autocomplete selectedIndex
JavaScript error: resource://gre/actors/AutoCompleteChild.jsm, line 125: Error: Invalid autocomplete selectedIndex
JavaScript error: resource://gre/actors/AutoCompleteChild.jsm, line 125: Error: Invalid autocomplete selectedIndex
JavaScript error: resource://gre/actors/AutoCompleteChild.jsm, line 125: Error: Invalid autocomplete selectedIndex
JavaScript error: resource://gre/actors/AutoCompleteChild.jsm, line 125: Error: Invalid autocomplete selectedIndex
JavaScript error: resource://gre/actors/AutoCompleteChild.jsm, line 125: Error: Invalid autocomplete selectedIndex
JavaScript error: resource://gre/actors/AutoCompleteChild.jsm, line 125: Error: Invalid autocomplete selectedIndex
JavaScript error: resource://gre/actors/AutoCompleteChild.jsm, line 125: Error: Invalid autocomplete selectedIndex
JavaScript error: resource://gre/actors/AutoCompleteChild.jsm, line 125: Error: Invalid autocomplete selectedIndex
JavaScript error: resource://gre/actors/AutoCompleteChild.jsm, line 125: Error: Invalid autocomplete selectedIndex
JavaScript error: resource://gre/actors/AutoCompleteChild.jsm, line 125: Error: Invalid autocomplete selectedIndex
JavaScript error: resource://gre/actors/AutoCompleteChild.jsm, line 125: Error: Invalid autocomplete selectedIndex
JavaScript error: resource://gre/actors/AutoCompleteChild.jsm, line 125: Error: Invalid autocomplete selectedIndex
JavaScript error: resource://gre/actors/AutoCompleteChild.jsm, line 125: Error: Invalid autocomplete selectedIndex
JavaScript error: resource://gre/actors/AutoCompleteChild.jsm, line 125: Error: Invalid autocomplete selectedIndex
JavaScript error: resource://gre/actors/AutoCompleteChild.jsm, line 125: Error: Invalid autocomplete selectedIndex
JavaScript error: resource://gre/actors/AutoCompleteChild.jsm, line 125: Error: Invalid autocomplete selectedIndex
JavaScript error: resource://gre/actors/AutoCompleteChild.jsm, line 125: Error: Invalid autocomplete selectedIndex
JavaScript error: resource://gre/actors/AutoCompleteChild.jsm, line 125: Error: Invalid autocomplete selectedIndex
JavaScript error: resource://gre/actors/AutoCompleteChild.jsm, line 125: Error: Invalid autocomplete selectedIndex
JavaScript error: resource://gre/actors/AutoCompleteChild.jsm, line 125: Error: Invalid autocomplete selectedIndex
1609257677899	Marionette	INFO	Stopped listening on port 61546

###!!! [Child][RunMessage] Error: Channel closing: too late to send/recv, messages will be lost

1609257761905	geckodriver	INFO	Listening on 127.0.0.1:61794
1609257765266	mozrunner::runner	INFO	Running command: "C:\\Program Files\\Mozilla Firefox\\firefox.exe" "--marionette" "-foreground" "-no-remote" "-profile" "C:\\Users\\Raphael\\AppData\\Local\\Temp\\rust_mozprofilenyTlWT"
Can't find symbol 'eglSwapBuffersWithDamageEXT'.
Can't find symbol 'eglSetDamageRegionKHR'.
console.warn: SearchSettings: "get: No settings file exists, new profile?" (new Error("", "(unknown module)"))
1609257767446	Marionette	INFO	Listening on port 61802
1609257767895	Marionette	WARN	TLS certificate errors will be ignored for this session
JavaScript error: https://open.scdn.co/cdn/build/web-player/vendor~web-player.f418916b.js, line 1: TransportError: Cannot authenticate disconnected transport.
1609257875013	geckodriver	INFO	Listening on 127.0.0.1:61976
1609257878349	mozrunner::runner	INFO	Running command: "C:\\Program Files\\Mozilla Firefox\\firefox.exe" "--marionette" "-foreground" "-no-remote" "-profile" "C:\\Users\\Raphael\\AppData\\Local\\Temp\\rust_mozprofileHAqgMX"
Can't find symbol 'eglSwapBuffersWithDamageEXT'.
Can't find symbol 'eglSetDamageRegionKHR'.
console.warn: SearchSettings: "get: No settings file exists, new profile?" (new Error("", "(unknown module)"))
1609257880497	Marionette	INFO	Listening on port 61985
1609257880983	Marionette	WARN	TLS certificate errors will be ignored for this session
JavaScript error: https://open.scdn.co/cdn/build/web-player/vendor~web-player.f418916b.js, line 1: TransportError: Cannot authenticate disconnected transport.
1609257892468	geckodriver	INFO	Listening on 127.0.0.1:62104
1609257895796	mozrunner::runner	INFO	Running command: "C:\\Program Files\\Mozilla Firefox\\firefox.exe" "--marionette" "-foreground" "-no-remote" "-profile" "C:\\Users\\Raphael\\AppData\\Local\\Temp\\rust_mozprofilek5dx8S"
Can't find symbol 'eglSwapBuffersWithDamageEXT'.
Can't find symbol 'eglSetDamageRegionKHR'.
console.warn: SearchSettings: "get: No settings file exists, new profile?" (new Error("", "(unknown module)"))
1609257897893	Marionette	INFO	Listening on port 62112
1609257897931	Marionette	WARN	TLS certificate errors will be ignored for this session
JavaScript error: https://open.scdn.co/cdn/build/web-player/vendor~web-player.f418916b.js, line 1: TransportError: Cannot authenticate disconnected transport.
1609328967228	geckodriver	INFO	Listening on 127.0.0.1:53606
1609328970551	mozrunner::runner	INFO	Running command: "C:\\Program Files\\Mozilla Firefox\\firefox.exe" "--marionette" "-foreground" "-no-remote" "-profile" "C:\\Users\\Raphael\\AppData\\Local\\Temp\\rust_mozprofileGo0RRz"
Can't find symbol 'eglSwapBuffersWithDamageEXT'.
Can't find symbol 'eglSetDamageRegionKHR'.
console.warn: SearchSettings: "get: No settings file exists, new profile?" (new Error("", "(unknown module)"))
1609328972649	Marionette	INFO	Listening on port 53614
1609328972698	Marionette	WARN	TLS certificate errors will be ignored for this session
1609329075856	geckodriver	INFO	Listening on 127.0.0.1:53821
1609329079179	mozrunner::runner	INFO	Running command: "C:\\Program Files\\Mozilla Firefox\\firefox.exe" "--marionette" "-foreground" "-no-remote" "-profile" "C:\\Users\\Raphael\\AppData\\Local\\Temp\\rust_mozprofilewcK5Ah"
Can't find symbol 'eglSwapBuffersWithDamageEXT'.
Can't find symbol 'eglSetDamageRegionKHR'.
console.warn: SearchSettings: "get: No settings file exists, new profile?" (new Error("", "(unknown module)"))
1609329081298	Marionette	INFO	Listening on port 53830
1609329081812	Marionette	WARN	TLS certificate errors will be ignored for this session
JavaScript error: resource://gre/actors/AutoCompleteChild.jsm, line 125: Error: Invalid autocomplete selectedIndex
JavaScript error: resource://gre/actors/AutoCompleteChild.jsm, line 125: Error: Invalid autocomplete selectedIndex
JavaScript error: resource://gre/modules/LoginManagerChild.jsm, line 190: NS_ERROR_XPC_JAVASCRIPT_ERROR_WITH_DETAILS: [JavaScript Error: "Invalid autocomplete selectedIndex" {file: "resource://gre/actors/AutoCompleteChild.jsm" line: 125}]'[JavaScript Error: "Invalid autocomplete selectedIndex" {file: "resource://gre/actors/AutoCompleteChild.jsm" line: 125}]' when calling method: [nsIAutoCompletePopup::selectedIndex]
Handler function threw an exception: [Exception... "Component returned failure code: 0x80040111 (NS_ERROR_NOT_AVAILABLE) [nsIHttpChannelInternal.remoteAddress]"  nsresult: "0x80040111 (NS_ERROR_NOT_AVAILABLE)"  location: "JS frame :: resource://devtools/server/actors/network-monitor/network-observer.js :: _onResponseHeader :: line 1163"  data: no]
Stack: _onResponseHeader@resource://devtools/server/actors/network-monitor/network-observer.js:1163:5
_dispatchActivity@resource://devtools/server/actors/network-monitor/network-observer.js:629:14
NetworkObserver.prototype.observeActivity<@resource://devtools/server/actors/network-monitor/network-observer.js:738:12
exports.makeInfallible/<@resource://devtools/shared/ThreadSafeDevToolsUtils.js:103:22
Line: 1163, column: 0
console.error: ({})
Handler function threw an exception: TypeError: undefined has no properties
Stack: _getWaitTiming@resource://devtools/server/actors/network-monitor/network-observer.js:1262:1
_setupHarTimings@resource://devtools/server/actors/network-monitor/network-observer.js:1487:28
_onTransactionClose@resource://devtools/server/actors/network-monitor/network-observer.js:1210:27
_dispatchActivity@resource://devtools/server/actors/network-monitor/network-observer.js:632:14
NetworkObserver.prototype.observeActivity<@resource://devtools/server/actors/network-monitor/network-observer.js:738:12
exports.makeInfallible/<@resource://devtools/shared/ThreadSafeDevToolsUtils.js:103:22
Line: 1262, column: 1
console.error: (new TypeError("undefined has no properties", "resource://devtools/server/actors/network-monitor/network-observer.js", 1262))
1609329155235	geckodriver	INFO	Listening on 127.0.0.1:53924
1609329158561	mozrunner::runner	INFO	Running command: "C:\\Program Files\\Mozilla Firefox\\firefox.exe" "--marionette" "-foreground" "-no-remote" "-profile" "C:\\Users\\Raphael\\AppData\\Local\\Temp\\rust_mozprofilew7swI2"
Can't find symbol 'eglSwapBuffersWithDamageEXT'.
Can't find symbol 'eglSetDamageRegionKHR'.
console.warn: SearchSettings: "get: No settings file exists, new profile?" (new Error("", "(unknown module)"))
1609329160699	Marionette	INFO	Listening on port 53932
1609329161189	Marionette	WARN	TLS certificate errors will be ignored for this session
JavaScript error: resource://gre/actors/AutoCompleteChild.jsm, line 125: Error: Invalid autocomplete selectedIndex
JavaScript error: resource://gre/actors/AutoCompleteChild.jsm, line 125: Error: Invalid autocomplete selectedIndex
JavaScript error: resource://gre/actors/AutoCompleteChild.jsm, line 125: Error: Invalid autocomplete selectedIndex
JavaScript error: resource://gre/actors/AutoCompleteChild.jsm, line 125: Error: Invalid autocomplete selectedIndex
JavaScript error: resource://gre/actors/AutoCompleteChild.jsm, line 125: Error: Invalid autocomplete selectedIndex
JavaScript error: resource://gre/actors/AutoCompleteChild.jsm, line 125: Error: Invalid autocomplete selectedIndex
JavaScript error: resource://gre/actors/AutoCompleteChild.jsm, line 125: Error: Invalid autocomplete selectedIndex
JavaScript error: resource://gre/actors/AutoCompleteChild.jsm, line 125: Error: Invalid autocomplete selectedIndex
JavaScript error: resource://gre/actors/AutoCompleteChild.jsm, line 125: Error: Invalid autocomplete selectedIndex
1609329227937	geckodriver	INFO	Listening on 127.0.0.1:54023
1609329231263	mozrunner::runner	INFO	Running command: "C:\\Program Files\\Mozilla Firefox\\firefox.exe" "--marionette" "-foreground" "-no-remote" "-profile" "C:\\Users\\Raphael\\AppData\\Local\\Temp\\rust_mozprofileOc2F3W"
Can't find symbol 'eglSwapBuffersWithDamageEXT'.
Can't find symbol 'eglSetDamageRegionKHR'.
console.warn: SearchSettings: "get: No settings file exists, new profile?" (new Error("", "(unknown module)"))
1609329233398	Marionette	INFO	Listening on port 54031
1609329233894	Marionette	WARN	TLS certificate errors will be ignored for this session
1609329249073	geckodriver	INFO	Listening on 127.0.0.1:54120
1609329252398	mozrunner::runner	INFO	Running command: "C:\\Program Files\\Mozilla Firefox\\firefox.exe" "--marionette" "-foreground" "-no-remote" "-profile" "C:\\Users\\Raphael\\AppData\\Local\\Temp\\rust_mozprofilefjlEAA"
Can't find symbol 'eglSwapBuffersWithDamageEXT'.
Can't find symbol 'eglSetDamageRegionKHR'.
console.warn: SearchSettings: "get: No settings file exists, new profile?" (new Error("", "(unknown module)"))
1609329254510	Marionette	INFO	Listening on port 54128
1609329254531	Marionette	WARN	TLS certificate errors will be ignored for this session
JavaScript error: resource://gre/actors/AutoCompleteChild.jsm, line 125: Error: Invalid autocomplete selectedIndex
JavaScript error: resource://gre/actors/AutoCompleteChild.jsm, line 125: Error: Invalid autocomplete selectedIndex
JavaScript error: resource://gre/modules/LoginManagerChild.jsm, line 190: NS_ERROR_XPC_JAVASCRIPT_ERROR_WITH_DETAILS: [JavaScript Error: "Invalid autocomplete selectedIndex" {file: "resource://gre/actors/AutoCompleteChild.jsm" line: 125}]'[JavaScript Error: "Invalid autocomplete selectedIndex" {file: "resource://gre/actors/AutoCompleteChild.jsm" line: 125}]' when calling method: [nsIAutoCompletePopup::selectedIndex]
Handler function threw an exception: [Exception... "Component returned failure code: 0x80040111 (NS_ERROR_NOT_AVAILABLE) [nsIHttpChannelInternal.remoteAddress]"  nsresult: "0x80040111 (NS_ERROR_NOT_AVAILABLE)"  location: "JS frame :: resource://devtools/server/actors/network-monitor/network-observer.js :: _onResponseHeader :: line 1163"  data: no]
Stack: _onResponseHeader@resource://devtools/server/actors/network-monitor/network-observer.js:1163:5
_dispatchActivity@resource://devtools/server/actors/network-monitor/network-observer.js:629:14
NetworkObserver.prototype.observeActivity<@resource://devtools/server/actors/network-monitor/network-observer.js:738:12
exports.makeInfallible/<@resource://devtools/shared/ThreadSafeDevToolsUtils.js:103:22
Line: 1163, column: 0
console.error: ({})
Handler function threw an exception: TypeError: undefined has no properties
Stack: _getWaitTiming@resource://devtools/server/actors/network-monitor/network-observer.js:1262:1
_setupHarTimings@resource://devtools/server/actors/network-monitor/network-observer.js:1487:28
_onTransactionClose@resource://devtools/server/actors/network-monitor/network-observer.js:1210:27
_dispatchActivity@resource://devtools/server/actors/network-monitor/network-observer.js:632:14
NetworkObserver.prototype.observeActivity<@resource://devtools/server/actors/network-monitor/network-observer.js:738:12
exports.makeInfallible/<@resource://devtools/shared/ThreadSafeDevToolsUtils.js:103:22
Line: 1262, column: 1
console.error: (new TypeError("undefined has no properties", "resource://devtools/server/actors/network-monitor/network-observer.js", 1262))
console.warn: LoginRecipes: "getRecipes: falling back to a synchronous message for:" "https://bsaber.com"
1609329391911	geckodriver	INFO	Listening on 127.0.0.1:54350
1609329395232	mozrunner::runner	INFO	Running command: "C:\\Program Files\\Mozilla Firefox\\firefox.exe" "--marionette" "-foreground" "-no-remote" "-profile" "C:\\Users\\Raphael\\AppData\\Local\\Temp\\rust_mozprofilets2ic3"
Can't find symbol 'eglSwapBuffersWithDamageEXT'.
Can't find symbol 'eglSetDamageRegionKHR'.
console.warn: SearchSettings: "get: No settings file exists, new profile?" (new Error("", "(unknown module)"))
1609329397344	Marionette	INFO	Listening on port 54359
1609329397372	Marionette	WARN	TLS certificate errors will be ignored for this session
Marionette threw an error: NotFoundError: WindowGlobalParent.getActor: No such JSWindowActor 'MarionetteCommands'
getMarionetteCommandsActorProxy/get/<@chrome://marionette/content/actors/MarionetteCommandsParent.jsm:330:69
GeckoDriver.prototype.deleteSession@chrome://marionette/content/driver.js:3034:17
onClosed@chrome://marionette/content/server.js:196:17
close@chrome://marionette/content/transport.js:225:18
onInputStreamReady@chrome://marionette/content/transport.js:379:14

JavaScript error: , line 0: NotFoundError: No such JSWindowActor 'MarionetteCommands'
1609329441680	geckodriver	INFO	Listening on 127.0.0.1:54575
1609329445004	mozrunner::runner	INFO	Running command: "C:\\Program Files\\Mozilla Firefox\\firefox.exe" "--marionette" "-foreground" "-no-remote" "-profile" "C:\\Users\\Raphael\\AppData\\Local\\Temp\\rust_mozprofileVlb04G"
Can't find symbol 'eglSwapBuffersWithDamageEXT'.
Can't find symbol 'eglSetDamageRegionKHR'.
console.warn: SearchSettings: "get: No settings file exists, new profile?" (new Error("", "(unknown module)"))
1609329447129	Marionette	INFO	Listening on port 54583
1609329447642	Marionette	WARN	TLS certificate errors will be ignored for this session
1609329497624	geckodriver	INFO	Listening on 127.0.0.1:54981
1609329500946	mozrunner::runner	INFO	Running command: "C:\\Program Files\\Mozilla Firefox\\firefox.exe" "--marionette" "-foreground" "-no-remote" "-profile" "C:\\Users\\Raphael\\AppData\\Local\\Temp\\rust_mozprofilew2HMJb"
Can't find symbol 'eglSwapBuffersWithDamageEXT'.
Can't find symbol 'eglSetDamageRegionKHR'.
console.warn: SearchSettings: "get: No settings file exists, new profile?" (new Error("", "(unknown module)"))
1609329503100	Marionette	INFO	Listening on port 54993
1609329503577	Marionette	WARN	TLS certificate errors will be ignored for this session
1609330341857	geckodriver	INFO	Listening on 127.0.0.1:55664
1609330345182	mozrunner::runner	INFO	Running command: "C:\\Program Files\\Mozilla Firefox\\firefox.exe" "--marionette" "-foreground" "-no-remote" "-profile" "C:\\Users\\Raphael\\AppData\\Local\\Temp\\rust_mozprofilemQpyZ1"
Can't find symbol 'eglSwapBuffersWithDamageEXT'.
Can't find symbol 'eglSetDamageRegionKHR'.
console.warn: SearchSettings: "get: No settings file exists, new profile?" (new Error("", "(unknown module)"))
1609330347279	Marionette	INFO	Listening on port 55672
1609330347317	Marionette	WARN	TLS certificate errors will be ignored for this session
1609331477921	geckodriver	INFO	Listening on 127.0.0.1:55943
1609331481243	mozrunner::runner	INFO	Running command: "C:\\Program Files\\Mozilla Firefox\\firefox.exe" "--marionette" "-foreground" "-no-remote" "-profile" "C:\\Users\\Raphael\\AppData\\Local\\Temp\\rust_mozprofilew1mVw8"
Can't find symbol 'eglSwapBuffersWithDamageEXT'.
Can't find symbol 'eglSetDamageRegionKHR'.
console.warn: SearchSettings: "get: No settings file exists, new profile?" (new Error("", "(unknown module)"))
1609331483407	Marionette	INFO	Listening on port 55951
1609331483876	Marionette	WARN	TLS certificate errors will be ignored for this session
1609332082926	Marionette	INFO	Stopped listening on port 55951

###!!! [Child][RunMessage] Error: Channel closing: too late to send/recv, messages will be lost

1609334821728	geckodriver	INFO	Listening on 127.0.0.1:61847
1609334825046	mozrunner::runner	INFO	Running command: "C:\\Program Files\\Mozilla Firefox\\firefox.exe" "--marionette" "-foreground" "-no-remote" "-profile" "C:\\Users\\Raphael\\AppData\\Local\\Temp\\rust_mozprofileZEP64I"
Can't find symbol 'eglSwapBuffersWithDamageEXT'.
Can't find symbol 'eglSetDamageRegionKHR'.
console.warn: SearchSettings: "get: No settings file exists, new profile?" (new Error("", "(unknown module)"))
1609334827120	Marionette	INFO	Listening on port 61856
1609334827184	Marionette	WARN	TLS certificate errors will be ignored for this session
1609334831926	Marionette	INFO	Stopped listening on port 61856

###!!! [Child][RunMessage] Error: Channel closing: too late to send/recv, messages will be lost

1609334860201	geckodriver	INFO	Listening on 127.0.0.1:61946
1609334863523	mozrunner::runner	INFO	Running command: "C:\\Program Files\\Mozilla Firefox\\firefox.exe" "--marionette" "-foreground" "-no-remote" "-profile" "C:\\Users\\Raphael\\AppData\\Local\\Temp\\rust_mozprofile7PEcMP"
Can't find symbol 'eglSwapBuffersWithDamageEXT'.
Can't find symbol 'eglSetDamageRegionKHR'.
console.warn: SearchSettings: "get: No settings file exists, new profile?" (new Error("", "(unknown module)"))
1609334865609	Marionette	INFO	Listening on port 61955
1609334865659	Marionette	WARN	TLS certificate errors will be ignored for this session
[Parent 28224, Gecko_IOThread] WARNING: file /builds/worker/checkouts/gecko/ipc/chromium/src/base/process_util_win.cc:166
1609334869330	Marionette	INFO	Stopped listening on port 61955

###!!! [Child][RunMessage] Error: Channel closing: too late to send/recv, messages will be lost

1609335361626	geckodriver	INFO	Listening on 127.0.0.1:62253
1609335364950	mozrunner::runner	INFO	Running command: "C:\\Program Files\\Mozilla Firefox\\firefox.exe" "--marionette" "-foreground" "-no-remote" "-profile" "C:\\Users\\Raphael\\AppData\\Local\\Temp\\rust_mozprofileKfu0xv"
Can't find symbol 'eglSwapBuffersWithDamageEXT'.
Can't find symbol 'eglSetDamageRegionKHR'.
console.warn: SearchSettings: "get: No settings file exists, new profile?" (new Error("", "(unknown module)"))
1609335367071	Marionette	INFO	Listening on port 62261
1609335367582	Marionette	WARN	TLS certificate errors will be ignored for this session
1609335371318	Marionette	INFO	Stopped listening on port 62261

###!!! [Child][RunMessage] Error: Channel closing: too late to send/recv, messages will be lost

1609335430713	geckodriver	INFO	Listening on 127.0.0.1:62426
1609335434033	mozrunner::runner	INFO	Running command: "C:\\Program Files\\Mozilla Firefox\\firefox.exe" "--marionette" "-foreground" "-no-remote" "-profile" "C:\\Users\\Raphael\\AppData\\Local\\Temp\\rust_mozprofilepOyYjA"
Can't find symbol 'eglSwapBuffersWithDamageEXT'.
Can't find symbol 'eglSetDamageRegionKHR'.
console.warn: SearchSettings: "get: No settings file exists, new profile?" (new Error("", "(unknown module)"))
1609335436117	Marionette	INFO	Listening on port 62436
1609335436167	Marionette	WARN	TLS certificate errors will be ignored for this session
1609335461230	geckodriver	INFO	Listening on 127.0.0.1:62522
1609335464554	mozrunner::runner	INFO	Running command: "C:\\Program Files\\Mozilla Firefox\\firefox.exe" "--marionette" "-foreground" "-no-remote" "-profile" "C:\\Users\\Raphael\\AppData\\Local\\Temp\\rust_mozprofilenRMboA"
Can't find symbol 'eglSwapBuffersWithDamageEXT'.
Can't find symbol 'eglSetDamageRegionKHR'.
console.warn: SearchSettings: "get: No settings file exists, new profile?" (new Error("", "(unknown module)"))
1609335466652	Marionette	INFO	Listening on port 62532
1609335466693	Marionette	WARN	TLS certificate errors will be ignored for this session
1609335471997	Marionette	INFO	Stopped listening on port 62532

###!!! [Child][RunMessage] Error: Channel closing: too late to send/recv, messages will be lost

1609336602212	geckodriver	INFO	Listening on 127.0.0.1:62939
1609336605533	mozrunner::runner	INFO	Running command: "C:\\Program Files\\Mozilla Firefox\\firefox.exe" "--marionette" "-foreground" "-no-remote" "-profile" "C:\\Users\\Raphael\\AppData\\Local\\Temp\\rust_mozprofilerEZSzQ"
Can't find symbol 'eglSwapBuffersWithDamageEXT'.
Can't find symbol 'eglSetDamageRegionKHR'.
console.warn: SearchSettings: "get: No settings file exists, new profile?" (new Error("", "(unknown module)"))
1609336607666	Marionette	INFO	Listening on port 62948
1609336608164	Marionette	WARN	TLS certificate errors will be ignored for this session
1609336629435	geckodriver	INFO	Listening on 127.0.0.1:63039
1609336632759	mozrunner::runner	INFO	Running command: "C:\\Program Files\\Mozilla Firefox\\firefox.exe" "--marionette" "-foreground" "-no-remote" "-profile" "C:\\Users\\Raphael\\AppData\\Local\\Temp\\rust_mozprofiledNTxBG"
Can't find symbol 'eglSwapBuffersWithDamageEXT'.
Can't find symbol 'eglSetDamageRegionKHR'.
console.warn: SearchSettings: "get: No settings file exists, new profile?" (new Error("", "(unknown module)"))
1609336634868	Marionette	INFO	Listening on port 63047
1609336634891	Marionette	WARN	TLS certificate errors will be ignored for this session
1609336652610	geckodriver	INFO	Listening on 127.0.0.1:63134
1609336655932	mozrunner::runner	INFO	Running command: "C:\\Program Files\\Mozilla Firefox\\firefox.exe" "--marionette" "-foreground" "-no-remote" "-profile" "C:\\Users\\Raphael\\AppData\\Local\\Temp\\rust_mozprofilemkRQjg"
Can't find symbol 'eglSwapBuffersWithDamageEXT'.
Can't find symbol 'eglSetDamageRegionKHR'.
console.warn: SearchSettings: "get: No settings file exists, new profile?" (new Error("", "(unknown module)"))
1609336658048	Marionette	INFO	Listening on port 63142
1609336658563	Marionette	WARN	TLS certificate errors will be ignored for this session
1609336727990	geckodriver	INFO	Listening on 127.0.0.1:63240
1609336731316	mozrunner::runner	INFO	Running command: "C:\\Program Files\\Mozilla Firefox\\firefox.exe" "--marionette" "-foreground" "-no-remote" "-profile" "C:\\Users\\Raphael\\AppData\\Local\\Temp\\rust_mozprofileh2ZoCZ"
Can't find symbol 'eglSwapBuffersWithDamageEXT'.
Can't find symbol 'eglSetDamageRegionKHR'.
console.warn: SearchSettings: "get: No settings file exists, new profile?" (new Error("", "(unknown module)"))
1609336733416	Marionette	INFO	Listening on port 63248
1609336733463	Marionette	WARN	TLS certificate errors will be ignored for this session
1609336803628	geckodriver	INFO	Listening on 127.0.0.1:63374
1609336806952	mozrunner::runner	INFO	Running command: "C:\\Program Files\\Mozilla Firefox\\firefox.exe" "--marionette" "-foreground" "-no-remote" "-profile" "C:\\Users\\Raphael\\AppData\\Local\\Temp\\rust_mozprofilePc8ssY"
Can't find symbol 'eglSwapBuffersWithDamageEXT'.
Can't find symbol 'eglSetDamageRegionKHR'.
console.warn: SearchSettings: "get: No settings file exists, new profile?" (new Error("", "(unknown module)"))
1609336809043	Marionette	INFO	Listening on port 63382
1609336809092	Marionette	WARN	TLS certificate errors will be ignored for this session
1609336812995	Marionette	INFO	Stopped listening on port 63382

###!!! [Child][MessageChannel] Error: (msgtype=0x5B000A,name=PHttpChannel::Msg_DeletingChannel) Channel closing: too late to send/recv, messages will be lost


###!!! [Child][RunMessage] Error: Channel closing: too late to send/recv, messages will be lost

1609337943098	geckodriver	INFO	Listening on 127.0.0.1:64012
1609337946424	mozrunner::runner	INFO	Running command: "C:\\Program Files\\Mozilla Firefox\\firefox.exe" "--marionette" "-foreground" "-no-remote" "-profile" "C:\\Users\\Raphael\\AppData\\Local\\Temp\\rust_mozprofileeJ4uky"
Can't find symbol 'eglSwapBuffersWithDamageEXT'.
Can't find symbol 'eglSetDamageRegionKHR'.
console.warn: SearchSettings: "get: No settings file exists, new profile?" (new Error("", "(unknown module)"))
1609337948639	Marionette	INFO	Listening on port 64020
1609337949066	Marionette	WARN	TLS certificate errors will be ignored for this session
1609337953399	Marionette	INFO	Stopped listening on port 64020

###!!! [Child][MessageChannel] Error: (msgtype=0x5B000A,name=PHttpChannel::Msg_DeletingChannel) Channel closing: too late to send/recv, messages will be lost


###!!! [Child][RunMessage] Error: Channel closing: too late to send/recv, messages will be lost

1609338040690	geckodriver	INFO	Listening on 127.0.0.1:64230
1609338044007	mozrunner::runner	INFO	Running command: "C:\\Program Files\\Mozilla Firefox\\firefox.exe" "--marionette" "-foreground" "-no-remote" "-profile" "C:\\Users\\Raphael\\AppData\\Local\\Temp\\rust_mozprofileap5IQx"
Can't find symbol 'eglSwapBuffersWithDamageEXT'.
Can't find symbol 'eglSetDamageRegionKHR'.
console.warn: SearchSettings: "get: No settings file exists, new profile?" (new Error("", "(unknown module)"))
1609338046149	Marionette	INFO	Listening on port 64239
1609338046640	Marionette	WARN	TLS certificate errors will be ignored for this session
1609338050395	Marionette	INFO	Stopped listening on port 64239

###!!! [Child][RunMessage] Error: Channel closing: too late to send/recv, messages will be lost

1609338642784	geckodriver	INFO	Listening on 127.0.0.1:64947
1609338646106	mozrunner::runner	INFO	Running command: "C:\\Program Files\\Mozilla Firefox\\firefox.exe" "--marionette" "-foreground" "-no-remote" "-profile" "C:\\Users\\Raphael\\AppData\\Local\\Temp\\rust_mozprofile1dioXa"
Can't find symbol 'eglSwapBuffersWithDamageEXT'.
Can't find symbol 'eglSetDamageRegionKHR'.
console.warn: SearchSettings: "get: No settings file exists, new profile?" (new Error("", "(unknown module)"))
1609338648245	Marionette	INFO	Listening on port 64957
1609338648741	Marionette	WARN	TLS certificate errors will be ignored for this session
1609338726157	geckodriver	INFO	Listening on 127.0.0.1:65058
1609338729482	mozrunner::runner	INFO	Running command: "C:\\Program Files\\Mozilla Firefox\\firefox.exe" "--marionette" "-foreground" "-no-remote" "-profile" "C:\\Users\\Raphael\\AppData\\Local\\Temp\\rust_mozprofileWpn2KA"
Can't find symbol 'eglSwapBuffersWithDamageEXT'.
Can't find symbol 'eglSetDamageRegionKHR'.
console.warn: SearchSettings: "get: No settings file exists, new profile?" (new Error("", "(unknown module)"))
1609338731627	Marionette	INFO	Listening on port 65066
1609338732115	Marionette	WARN	TLS certificate errors will be ignored for this session
1609339034617	Marionette	INFO	Stopped listening on port 65066
[Child 20676, Chrome_ChildThread] WARNING: pipe error: 232: file /builds/worker/checkouts/gecko/ipc/chromium/src/chrome/common/ipc_channel_win.cc:545

###!!! [Child][RunMessage] Error: Channel closing: too late to send/recv, messages will be lost

1609339342433	geckodriver	INFO	Listening on 127.0.0.1:65466
1609339345759	mozrunner::runner	INFO	Running command: "C:\\Program Files\\Mozilla Firefox\\firefox.exe" "--marionette" "-foreground" "-no-remote" "-profile" "C:\\Users\\Raphael\\AppData\\Local\\Temp\\rust_mozprofilezoj6DZ"
Can't find symbol 'eglSwapBuffersWithDamageEXT'.
Can't find symbol 'eglSetDamageRegionKHR'.
console.warn: SearchSettings: "get: No settings file exists, new profile?" (new Error("", "(unknown module)"))
1609339347941	Marionette	INFO	Listening on port 65474
1609339348398	Marionette	WARN	TLS certificate errors will be ignored for this session
1609339588037	Marionette	INFO	Stopped listening on port 65474
